Arguments: 
  C:\Program Files\nodejs\node.exe C:\Program Files (x86)\Yarn\bin\yarn.js add @babel/core @babel/present-env @babel/present-react babel-loader -D

PATH: 
  C:\Program Files (x86)\Common Files\Oracle\Java\java8path;C:\Program Files (x86)\Common Files\Oracle\Java\javapath;C:\Windows\system32;C:\Windows;C:\Windows\System32\Wbem;C:\Windows\System32\WindowsPowerShell\v1.0\;C:\Windows\System32\OpenSSH\;C:\Program Files (x86)\NVIDIA Corporation\PhysX\Common;C:\Program Files\NVIDIA Corporation\NVIDIA NvDLISR;C:\WINDOWS\system32;C:\WINDOWS;C:\WINDOWS\System32\Wbem;C:\WINDOWS\System32\WindowsPowerShell\v1.0\;C:\WINDOWS\System32\OpenSSH\;C:\Program Files\dotnet\;C:\Program Files\Git\cmd;C:\Program Files (x86)\Yarn\bin;C:\Program Files\nodejs\;C:\Users\devpa\AppData\Local\Microsoft\WindowsApps;C:\Users\devpa\AppData\Local\Programs\Microsoft VS Code\bin;C:\ProgramData\devpa\GitHubDesktop\bin;C:\Users\devpa\AppData\Local\GitHubDesktop\bin;C:\Users\devpa\AppData\Local\Microsoft\WinGet\Packages\Schniz.fnm_Microsoft.Winget.Source_8wekyb3d8bbwe;C:\Users\devpa\AppData\Local\Yarn\bin;C:\Users\devpa\AppData\Roaming\npm

Yarn version: 
  1.3.2

Node version: 
  20.14.0

Platform: 
  win32 x64

npm manifest: 
  {
    "name": "projeto_curso_react",
    "version": "1.0.0",
    "main": "index.js",
    "repository": "https://github.com/devpabloh/projeto_curso_react.git",
    "author": "Dev. Pablo H. <devpabloh@gmail.com>",
    "license": "MIT"
  }

yarn manifest: 
  No manifest

Lockfile: 
  No lockfile

Trace: 
  Error: https://registry.yarnpkg.com/@babel%2fpresent-env: Not found
      at params.callback [as _callback] (C:\Program Files (x86)\Yarn\lib\cli.js:62098:18)
      at self.callback (C:\Program Files (x86)\Yarn\lib\cli.js:123085:22)
      at Request.emit (node:events:519:28)
      at Request.<anonymous> (C:\Program Files (x86)\Yarn\lib\cli.js:124068:10)
      at Request.emit (node:events:519:28)
      at IncomingMessage.<anonymous> (C:\Program Files (x86)\Yarn\lib\cli.js:123988:12)
      at Object.onceWrapper (node:events:633:28)
      at IncomingMessage.emit (node:events:531:35)
      at endReadableNT (node:internal/streams/readable:1696:12)
      at process.processTicksAndRejections (node:internal/process/task_queues:82:21)
